[2023-01-23T01:10:02.942] [WARN] warning - Peticon a ruta no encontrada -> url: /favicon.ico | method: GET
[2023-01-23T01:10:12.005] [WARN] warning - Peticon a ruta no encontrada -> url: /favicon.ico | method: GET
[2023-01-23T01:11:36.354] [WARN] warning - Peticon a ruta no encontrada -> url: /favicon.ico | method: GET
[2023-01-23T01:11:38.554] [WARN] warning - Peticon a ruta no encontrada -> url: /login | method: DELETE
[2023-01-23T01:11:38.671] [WARN] warning - Peticon a ruta no encontrada -> url: /login | method: DELETE
[2023-01-23T01:11:38.760] [WARN] warning - Peticon a ruta no encontrada -> url: /login | method: DELETE
[2023-01-23T01:11:38.835] [WARN] warning - Peticon a ruta no encontrada -> url: /login | method: DELETE
[2023-01-23T01:11:38.886] [WARN] warning - Peticon a ruta no encontrada -> url: /login | method: DELETE
[2023-01-23T01:11:38.936] [WARN] warning - Peticon a ruta no encontrada -> url: /login | method: DELETE
[2023-01-23T01:11:39.049] [WARN] warning - Peticon a ruta no encontrada -> url: /login | method: DELETE
[2023-01-23T01:11:39.145] [WARN] warning - Peticon a ruta no encontrada -> url: /favicon.ico | method: GET
[2023-01-23T01:18:50.414] [WARN] warning - Peticon a ruta no encontrada -> url: /favicon.ico | method: GET
[2023-01-23T01:18:52.297] [WARN] warning - Peticon a ruta no encontrada -> url: /favicon.ico | method: GET
[2023-01-23T01:18:54.458] [WARN] warning - Peticon a ruta no encontrada -> url: /login | method: DELETE
[2023-01-23T01:18:54.507] [WARN] warning - Peticon a ruta no encontrada -> url: /login | method: DELETE
[2023-01-23T01:18:54.558] [WARN] warning - Peticon a ruta no encontrada -> url: /login | method: DELETE
[2023-01-23T01:18:54.608] [WARN] warning - Peticon a ruta no encontrada -> url: /login | method: DELETE
[2023-01-23T01:18:54.661] [WARN] warning - Peticon a ruta no encontrada -> url: /login | method: DELETE
[2023-01-23T01:18:54.715] [WARN] warning - Peticon a ruta no encontrada -> url: /login | method: DELETE
[2023-01-23T01:18:54.781] [WARN] warning - Peticon a ruta no encontrada -> url: /login | method: DELETE
[2023-01-23T01:18:54.877] [WARN] warning - Peticon a ruta no encontrada -> url: /favicon.ico | method: GET
[2023-01-23T01:20:14.448] [WARN] warning - Peticon a ruta no encontrada -> url: /favicon.ico | method: GET
[2023-01-23T01:20:27.760] [WARN] warning - Peticon a ruta no encontrada -> url: /favicon.ico | method: GET
[2023-01-23T01:20:36.474] [WARN] warning - Peticon a ruta no encontrada -> url: /favicon.ico | method: GET
[2023-01-23T01:20:44.655] [WARN] warning - Peticon a ruta no encontrada -> url: /favicon.ico | method: GET
[2023-01-23T01:20:47.010] [WARN] warning - Peticon a ruta no encontrada -> url: /login | method: DELETE
[2023-01-23T01:20:47.113] [WARN] warning - Peticon a ruta no encontrada -> url: /login | method: DELETE
[2023-01-23T01:20:47.215] [WARN] warning - Peticon a ruta no encontrada -> url: /login | method: DELETE
[2023-01-23T01:20:47.318] [WARN] warning - Peticon a ruta no encontrada -> url: /login | method: DELETE
[2023-01-23T01:20:47.420] [WARN] warning - Peticon a ruta no encontrada -> url: /login | method: DELETE
[2023-01-23T01:20:47.523] [WARN] warning - Peticon a ruta no encontrada -> url: /login | method: DELETE
[2023-01-23T01:20:47.624] [WARN] warning - Peticon a ruta no encontrada -> url: /login | method: DELETE
[2023-01-23T01:20:47.728] [WARN] warning - Peticon a ruta no encontrada -> url: /login | method: DELETE
[2023-01-23T01:20:47.829] [WARN] warning - Peticon a ruta no encontrada -> url: /login | method: DELETE
[2023-01-23T01:20:47.933] [WARN] warning - Peticon a ruta no encontrada -> url: /login | method: DELETE
[2023-01-23T01:20:48.034] [WARN] warning - Peticon a ruta no encontrada -> url: /login | method: DELETE
[2023-01-23T01:20:48.125] [WARN] warning - Peticon a ruta no encontrada -> url: /login | method: DELETE
[2023-01-23T01:20:48.238] [WARN] warning - Peticon a ruta no encontrada -> url: /login | method: DELETE
[2023-01-23T01:20:48.341] [WARN] warning - Peticon a ruta no encontrada -> url: /login | method: DELETE
[2023-01-23T01:20:48.443] [WARN] warning - Peticon a ruta no encontrada -> url: /login | method: DELETE
[2023-01-23T01:20:48.549] [WARN] warning - Peticon a ruta no encontrada -> url: /login | method: DELETE
[2023-01-23T01:20:48.650] [WARN] warning - Peticon a ruta no encontrada -> url: /login | method: DELETE
[2023-01-23T01:20:48.752] [WARN] warning - Peticon a ruta no encontrada -> url: /login | method: DELETE
[2023-01-23T01:20:48.854] [WARN] warning - Peticon a ruta no encontrada -> url: /login | method: DELETE
[2023-01-23T01:20:48.907] [WARN] warning - Peticon a ruta no encontrada -> url: /login | method: DELETE
[2023-01-23T01:20:52.811] [WARN] warning - Peticon a ruta no encontrada -> url: /favicon.ico | method: GET
[2023-01-23T01:37:19.576] [WARN] warning - Peticon a ruta no encontrada -> url: /favicon.ico | method: GET
[2023-01-23T01:40:36.713] [WARN] warning - Peticon a ruta no encontrada -> url: /api/random | method: GET
[2023-01-23T01:40:37.003] [WARN] warning - Peticon a ruta no encontrada -> url: /favicon.ico | method: GET
[2023-01-23T01:40:51.135] [WARN] warning - Peticon a ruta no encontrada -> url: /favicon.ico | method: GET
[2023-01-23T01:50:41.649] [WARN] warning - Peticon a ruta no encontrada -> url: /api/rand | method: GET
[2023-01-23T01:50:41.813] [WARN] warning - Peticon a ruta no encontrada -> url: /favicon.ico | method: GET
[2023-01-23T01:50:52.231] [WARN] warning - Peticon a ruta no encontrada -> url: /favicon.ico | method: GET
[2023-01-23T01:54:40.503] [WARN] warning - Peticon a ruta no encontrada -> url: /favicon.ico | method: GET
[2023-01-23T01:54:56.376] [WARN] warning - Peticon a ruta no encontrada -> url: /favicon.ico | method: GET
[2023-01-23T01:56:15.131] [WARN] warning - Peticon a ruta no encontrada -> url: /favicon.ico | method: GET
[2023-01-23T01:56:19.573] [WARN] warning - Peticon a ruta no encontrada -> url: /favicon.ico | method: GET
[2023-01-23T02:22:49.180] [WARN] warning - Peticon a ruta no encontrada -> url: /api/inf | method: GET
[2023-01-23T02:22:49.485] [WARN] warning - Peticon a ruta no encontrada -> url: /favicon.ico | method: GET
[2023-01-23T02:23:00.533] [WARN] warning - Peticon a ruta no encontrada -> url: /favicon.ico | method: GET
[2023-01-23T02:23:05.664] [WARN] warning - Peticon a ruta no encontrada -> url: /favicon.ico | method: GET
[2023-01-23T02:23:07.824] [WARN] warning - Peticon a ruta no encontrada -> url: /login | method: DELETE
[2023-01-23T02:23:07.917] [WARN] warning - Peticon a ruta no encontrada -> url: /login | method: DELETE
[2023-01-23T02:23:08.021] [WARN] warning - Peticon a ruta no encontrada -> url: /login | method: DELETE
[2023-01-23T02:23:08.123] [WARN] warning - Peticon a ruta no encontrada -> url: /login | method: DELETE
[2023-01-23T02:23:08.227] [WARN] warning - Peticon a ruta no encontrada -> url: /login | method: DELETE
[2023-01-23T02:23:08.433] [WARN] warning - Peticon a ruta no encontrada -> url: /login | method: DELETE
[2023-01-23T02:23:08.528] [WARN] warning - Peticon a ruta no encontrada -> url: /favicon.ico | method: GET
[2023-01-23T02:23:12.418] [WARN] warning - Peticon a ruta no encontrada -> url: /favicon.ico | method: GET
[2023-01-28T20:15:19.292] [WARN] warning - Peticon a ruta no encontrada -> url: /favicon.ico | method: GET
[2023-01-28T20:15:26.814] [WARN] warning - Peticon a ruta no encontrada -> url: /favicon.ico | method: GET
[2023-01-28T20:15:35.169] [WARN] warning - Peticon a ruta no encontrada -> url: /api | method: GET
[2023-01-28T20:15:35.216] [WARN] warning - Peticon a ruta no encontrada -> url: /favicon.ico | method: GET
[2023-01-28T20:18:25.715] [WARN] warning - Peticon a ruta no encontrada -> url: /favicon.ico | method: GET
[2023-01-28T20:21:01.373] [WARN] warning - Peticon a ruta no encontrada -> url: /favicon.ico | method: GET
[2023-01-28T20:21:09.374] [WARN] warning - Worker Pid: 12159  finalizo.
[2023-01-28T20:21:10.791] [WARN] warning - Worker Pid: 12237  finalizo.
[2023-01-28T20:21:11.938] [WARN] warning - Worker Pid: 12291  finalizo.
[2023-01-28T20:21:17.125] [WARN] warning - Worker Pid: 12326  finalizo.
[2023-01-28T20:22:13.537] [WARN] warning - Worker Pid: 12375  finalizo.
[2023-01-28T20:22:43.738] [WARN] warning - Worker Pid: 12459  finalizo.
[2023-01-28T20:23:44.229] [WARN] warning - Peticon a ruta no encontrada -> url: /favicon.ico | method: GET
[2023-01-28T20:28:21.046] [WARN] warning - Worker Pid: 12858  finalizo.
[2023-01-28T20:28:22.270] [WARN] warning - Worker Pid: 12932  finalizo.
[2023-01-28T20:28:23.386] [WARN] warning - Worker Pid: 12983  finalizo.
[2023-01-28T20:28:28.484] [WARN] warning - Worker Pid: 13022  finalizo.
[2023-01-28T20:28:58.596] [WARN] warning - Worker Pid: 13079  finalizo.
[2023-01-28T20:29:58.706] [WARN] warning - Worker Pid: 13230  finalizo.
[2023-01-28T20:34:59.313] [WARN] warning - Peticon a ruta no encontrada -> url: /favicon.ico | method: GET
[2023-01-28T20:38:10.103] [WARN] warning - Worker Pid: 13786  finalizo.
[2023-01-28T20:38:48.098] [WARN] warning - Worker Pid: 14241  finalizo.
[2023-01-28T20:38:50.029] [WARN] warning - Worker Pid: 14323  finalizo.
[2023-01-28T20:38:51.217] [WARN] warning - Worker Pid: 14378  finalizo.
[2023-01-28T20:38:56.391] [WARN] warning - Worker Pid: 14414  finalizo.
[2023-01-28T20:39:26.487] [WARN] warning - Worker Pid: 14471  finalizo.
[2023-01-28T20:50:18.754] [WARN] warning - Peticon a ruta no encontrada -> url: /favicon.ico | method: GET
[2023-01-28T20:50:25.434] [WARN] warning - Worker Pid: 15423  finalizo.
[2023-01-28T20:50:27.577] [WARN] warning - Worker Pid: 15618  finalizo.
[2023-01-28T20:50:28.704] [WARN] warning - Worker Pid: 15673  finalizo.
[2023-01-28T20:50:29.819] [WARN] warning - Worker Pid: 15697  finalizo.
[2023-01-28T20:50:30.953] [WARN] warning - Worker Pid: 15736  finalizo.
[2023-01-28T20:50:36.088] [WARN] warning - Worker Pid: 15771  finalizo.
[2023-01-28T20:51:06.189] [WARN] warning - Worker Pid: 15819  finalizo.
[2023-01-28T20:52:06.300] [WARN] warning - Worker Pid: 15886  finalizo.
[2023-01-28T20:54:05.328] [WARN] warning - Peticon a ruta no encontrada -> url: /favicon.ico | method: GET
[2023-01-28T20:54:16.528] [WARN] warning - Peticon a ruta no encontrada -> url: /favicon.ico | method: GET
[2023-01-28T21:14:34.004] [WARN] warning - Peticon a ruta no encontrada -> url: /favicon.ico | method: GET
[2023-01-28T22:42:32.221] [WARN] warning - Peticon a ruta no encontrada -> url: /favicon.ico | method: GET
[2023-01-28T22:42:33.579] [WARN] warning - Peticon a ruta no encontrada -> url: /favicon.ico | method: GET
[2023-01-28T22:42:40.717] [WARN] warning - Peticon a ruta no encontrada -> url: /favicon.ico | method: GET
[2023-01-28T22:42:43.688] [WARN] warning - Peticon a ruta no encontrada -> url: /favicon.ico | method: GET
[2023-01-28T22:42:45.842] [WARN] warning - Peticon a ruta no encontrada -> url: /login | method: DELETE
[2023-01-28T22:42:45.942] [WARN] warning - Peticon a ruta no encontrada -> url: /login | method: DELETE
[2023-01-28T22:42:46.045] [WARN] warning - Peticon a ruta no encontrada -> url: /login | method: DELETE
[2023-01-28T22:42:46.147] [WARN] warning - Peticon a ruta no encontrada -> url: /login | method: DELETE
[2023-01-28T22:42:46.204] [WARN] warning - Peticon a ruta no encontrada -> url: /login | method: DELETE
[2023-01-28T22:42:46.298] [WARN] warning - Peticon a ruta no encontrada -> url: /login | method: DELETE
[2023-01-28T22:42:46.354] [WARN] warning - Peticon a ruta no encontrada -> url: /login | method: DELETE
[2023-01-28T22:42:46.657] [WARN] warning - Peticon a ruta no encontrada -> url: /favicon.ico | method: GET
[2023-01-29T12:23:26.684] [WARN] warning - Peticon a ruta no encontrada -> url: /favicon.ico | method: GET
[2023-01-29T12:23:27.938] [WARN] warning - Peticon a ruta no encontrada -> url: /favicon.ico | method: GET
[2023-01-29T12:23:43.296] [WARN] warning - Peticon a ruta no encontrada -> url: /favicon.ico | method: GET
[2023-01-29T12:24:02.855] [WARN] warning - Peticon a ruta no encontrada -> url: /favicon.ico | method: GET
[2023-01-29T12:24:10.637] [WARN] warning - Peticon a ruta no encontrada -> url: /favicon.ico | method: GET
[2023-01-29T12:35:43.097] [WARN] warning - Peticon a ruta no encontrada -> url: /favicon.ico | method: GET
[2023-01-29T12:35:46.752] [WARN] warning - Peticon a ruta no encontrada -> url: /favicon.ico | method: GET
[2023-01-29T12:35:54.021] [WARN] warning - Peticon a ruta no encontrada -> url: /favicon.ico | method: GET
[2023-01-29T12:57:21.392] [WARN] warning - Peticon a ruta no encontrada -> url: /favicon.ico | method: GET
[2023-01-29T12:57:28.771] [WARN] warning - Peticon a ruta no encontrada -> url: /favicon.ico | method: GET
[2023-01-29T12:57:39.106] [WARN] warning - Peticon a ruta no encontrada -> url: /favicon.ico | method: GET
[2023-01-29T13:00:05.646] [WARN] warning - Peticon a ruta no encontrada -> url: /favicon.ico | method: GET
[2023-01-29T13:00:08.336] [WARN] warning - Peticon a ruta no encontrada -> url: /favicon.ico | method: GET
[2023-01-29T13:00:17.303] [WARN] warning - Peticon a ruta no encontrada -> url: /favicon.ico | method: GET
[2023-01-29T13:00:24.284] [WARN] warning - Peticon a ruta no encontrada -> url: /favicon.ico | method: GET
[2023-01-29T13:05:22.381] [WARN] warning - Peticon a ruta no encontrada -> url: /favicon.ico | method: GET
[2023-01-29T13:05:29.241] [WARN] warning - Peticon a ruta no encontrada -> url: /favicon.ico | method: GET
[2023-01-29T13:05:32.526] [WARN] warning - Peticon a ruta no encontrada -> url: /favicon.ico | method: GET
[2023-01-29T13:05:36.408] [WARN] warning - Peticon a ruta no encontrada -> url: /favicon.ico | method: GET
[2023-01-29T13:05:46.342] [WARN] warning - Peticon a ruta no encontrada -> url: /favicon.ico | method: GET
[2023-01-29T13:05:53.696] [WARN] warning - Peticon a ruta no encontrada -> url: /favicon.ico | method: GET
[2023-01-29T13:05:56.378] [WARN] warning - Peticon a ruta no encontrada -> url: /favicon.ico | method: GET
[2023-01-29T13:05:58.630] [WARN] warning - Peticon a ruta no encontrada -> url: /login | method: DELETE
[2023-01-29T13:05:58.733] [WARN] warning - Peticon a ruta no encontrada -> url: /login | method: DELETE
[2023-01-29T13:05:58.835] [WARN] warning - Peticon a ruta no encontrada -> url: /login | method: DELETE
[2023-01-29T13:05:58.939] [WARN] warning - Peticon a ruta no encontrada -> url: /login | method: DELETE
[2023-01-29T13:05:59.040] [WARN] warning - Peticon a ruta no encontrada -> url: /login | method: DELETE
[2023-01-29T13:05:59.143] [WARN] warning - Peticon a ruta no encontrada -> url: /login | method: DELETE
[2023-01-29T13:05:59.246] [WARN] warning - Peticon a ruta no encontrada -> url: /login | method: DELETE
[2023-01-29T13:05:59.551] [WARN] warning - Peticon a ruta no encontrada -> url: /favicon.ico | method: GET
[2023-01-29T13:11:52.534] [WARN] warning - Peticon a ruta no encontrada -> url: /favicon.ico | method: GET
[2023-01-29T13:11:56.188] [WARN] warning - Peticon a ruta no encontrada -> url: /favicon.ico | method: GET
[2023-01-29T13:11:58.423] [WARN] warning - Peticon a ruta no encontrada -> url: /login | method: DELETE
[2023-01-29T13:11:58.430] [WARN] warning - Peticon a ruta no encontrada -> url: /login | method: DELETE
[2023-01-29T13:11:58.677] [WARN] warning - Peticon a ruta no encontrada -> url: /favicon.ico | method: GET
[2023-01-29T13:12:07.252] [WARN] warning - Peticon a ruta no encontrada -> url: /favicon.ico | method: GET
[2023-01-29T13:14:41.396] [WARN] warning - Peticon a ruta no encontrada -> url: /favicon.ico | method: GET
[2023-01-29T13:14:55.881] [WARN] warning - Peticon a ruta no encontrada -> url: /favicon.ico | method: GET
[2023-01-29T13:15:06.792] [WARN] warning - Peticon a ruta no encontrada -> url: /favicon.ico | method: GET
[2023-01-29T13:18:06.918] [WARN] warning - Peticon a ruta no encontrada -> url: /favicon.ico | method: GET
[2023-01-29T13:18:22.381] [WARN] warning - Peticon a ruta no encontrada -> url: /favicon.ico | method: GET
[2023-01-29T13:23:02.963] [WARN] warning - Peticon a ruta no encontrada -> url: /favicon.ico | method: GET
